<?xml version="1.0" encoding="UTF-8"?>
<!-- Generated by org.testng.reporters.JUnitXMLReporter -->
<testsuite ignored="0" hostname="BoraTechs-MBP.fios-router.home" failures="1" tests="7" name="Test" time="0.053" errors="0" timestamp="2022-08-15T20:46:13 EDT">
  <testcase classname="testNGClassMonday.TestNGMondayDemoTwo" name="f" time="0.0">
    <failure type="org.testng.TestNGException" message="
Method public void testNGClassMonday.TestNGMondayDemoTwo.f(java.lang.Integer,java.lang.String) requires a @DataProvider named : dp">
      <![CDATA[org.testng.TestNGException: 
Method public void testNGClassMonday.TestNGMondayDemoTwo.f(java.lang.Integer,java.lang.String) requires a @DataProvider named : dp
at java.base/java.util.ArrayList.forEach(ArrayList.java:1541)
... Removed 24 stack frames]]>
    </failure>
  </testcase> <!-- f -->
  <testcase classname="testNGClassMonday.MondayClass_TestNG" name="testOne" time="0.001"/>
  <testcase classname="testNGClassMonday.MondayClass_TestNG" name="testThree" time="0.001"/>
  <testcase classname="testNGClassMonday.MondayClass_TestNG" name="testTwo" time="0.001"/>
  <testcase classname="testNGClassMonday.DemoTestNG" name="demoTest" time="0.001"/>
  <testcase classname="testNGClassMonday.DemoTestNGTwo" name="test" time="0.001"/>
  <testcase classname="testNGClassMonday.DemoTestNGTwo" name="testAgain" time="0.001"/>
</testsuite> <!-- Test -->
