<?xml version="1.0" encoding="UTF-8"?>
<testng-results ignored="0" total="10" passed="9" failed="1" skipped="0">
  <reporter-output>
  </reporter-output>
  <suite started-at="2022-08-25T20:33:56 EDT" name="Default suite" finished-at="2022-08-25T20:40:16 EDT" duration-ms="379446">
    <groups>
    </groups>
    <test started-at="2022-08-25T20:33:56 EDT" name="Default test" finished-at="2022-08-25T20:40:16 EDT" duration-ms="379446">
      <class name="dataDriven.Costco">
        <test-method is-config="true" signature="startTest()[pri:0, instance:dataDriven.Costco@5a45133e]" started-at="2022-08-25T20:33:57 EDT" name="startTest" finished-at="2022-08-25T20:34:20 EDT" duration-ms="23390" status="PASS">
          <reporter-output>
          </reporter-output>
        </test-method> <!-- startTest -->
        <test-method signature="test([Ljava.lang.String;)[pri:0, instance:dataDriven.Costco@5a45133e]" started-at="2022-08-25T20:34:20 EDT" name="test" data-provider="testData" finished-at="2022-08-25T20:34:35 EDT" duration-ms="14865" status="PASS">
          <params>
            <param index="0">
              <value>
                <![CDATA[[Ljava.lang.String;@1e5eb20a]]>
              </value>
            </param>
          </params>
          <reporter-output>
          </reporter-output>
        </test-method> <!-- test -->
        <test-method is-config="true" signature="endTest()[pri:0, instance:dataDriven.Costco@5a45133e]" started-at="2022-08-25T20:34:35 EDT" name="endTest" finished-at="2022-08-25T20:34:38 EDT" duration-ms="3200" status="PASS">
          <reporter-output>
          </reporter-output>
        </test-method> <!-- endTest -->
        <test-method is-config="true" signature="startTest()[pri:0, instance:dataDriven.Costco@5a45133e]" started-at="2022-08-25T20:34:38 EDT" name="startTest" finished-at="2022-08-25T20:34:56 EDT" duration-ms="17976" status="PASS">
          <reporter-output>
          </reporter-output>
        </test-method> <!-- startTest -->
        <test-method signature="test([Ljava.lang.String;)[pri:0, instance:dataDriven.Costco@5a45133e]" started-at="2022-08-25T20:34:56 EDT" name="test" data-provider="testData" finished-at="2022-08-25T20:35:17 EDT" duration-ms="21415" status="PASS">
          <params>
            <param index="0">
              <value>
                <![CDATA[[Ljava.lang.String;@679dd234]]>
              </value>
            </param>
          </params>
          <reporter-output>
          </reporter-output>
        </test-method> <!-- test -->
        <test-method is-config="true" signature="endTest()[pri:0, instance:dataDriven.Costco@5a45133e]" started-at="2022-08-25T20:35:17 EDT" name="endTest" finished-at="2022-08-25T20:35:21 EDT" duration-ms="3242" status="PASS">
          <reporter-output>
          </reporter-output>
        </test-method> <!-- endTest -->
        <test-method is-config="true" signature="startTest()[pri:0, instance:dataDriven.Costco@5a45133e]" started-at="2022-08-25T20:35:21 EDT" name="startTest" finished-at="2022-08-25T20:35:42 EDT" duration-ms="20941" status="PASS">
          <reporter-output>
          </reporter-output>
        </test-method> <!-- startTest -->
        <test-method signature="test([Ljava.lang.String;)[pri:0, instance:dataDriven.Costco@5a45133e]" started-at="2022-08-25T20:35:42 EDT" name="test" data-provider="testData" finished-at="2022-08-25T20:35:52 EDT" duration-ms="10617" status="PASS">
          <params>
            <param index="0">
              <value>
                <![CDATA[[Ljava.lang.String;@7e34b127]]>
              </value>
            </param>
          </params>
          <reporter-output>
          </reporter-output>
        </test-method> <!-- test -->
        <test-method is-config="true" signature="endTest()[pri:0, instance:dataDriven.Costco@5a45133e]" started-at="2022-08-25T20:35:52 EDT" name="endTest" finished-at="2022-08-25T20:35:55 EDT" duration-ms="3175" status="PASS">
          <reporter-output>
          </reporter-output>
        </test-method> <!-- endTest -->
        <test-method is-config="true" signature="startTest()[pri:0, instance:dataDriven.Costco@5a45133e]" started-at="2022-08-25T20:35:55 EDT" name="startTest" finished-at="2022-08-25T20:36:13 EDT" duration-ms="17988" status="PASS">
          <reporter-output>
          </reporter-output>
        </test-method> <!-- startTest -->
        <test-method signature="test([Ljava.lang.String;)[pri:0, instance:dataDriven.Costco@5a45133e]" started-at="2022-08-25T20:36:13 EDT" name="test" data-provider="testData" finished-at="2022-08-25T20:36:31 EDT" duration-ms="17656" status="PASS">
          <params>
            <param index="0">
              <value>
                <![CDATA[[Ljava.lang.String;@1f9d4b0e]]>
              </value>
            </param>
          </params>
          <reporter-output>
          </reporter-output>
        </test-method> <!-- test -->
        <test-method is-config="true" signature="endTest()[pri:0, instance:dataDriven.Costco@5a45133e]" started-at="2022-08-25T20:36:31 EDT" name="endTest" finished-at="2022-08-25T20:36:34 EDT" duration-ms="3186" status="PASS">
          <reporter-output>
          </reporter-output>
        </test-method> <!-- endTest -->
        <test-method is-config="true" signature="startTest()[pri:0, instance:dataDriven.Costco@5a45133e]" started-at="2022-08-25T20:36:34 EDT" name="startTest" finished-at="2022-08-25T20:36:53 EDT" duration-ms="18285" status="PASS">
          <reporter-output>
          </reporter-output>
        </test-method> <!-- startTest -->
        <test-method signature="test([Ljava.lang.String;)[pri:0, instance:dataDriven.Costco@5a45133e]" started-at="2022-08-25T20:36:53 EDT" name="test" data-provider="testData" finished-at="2022-08-25T20:37:11 EDT" duration-ms="18073" status="PASS">
          <params>
            <param index="0">
              <value>
                <![CDATA[[Ljava.lang.String;@74b86971]]>
              </value>
            </param>
          </params>
          <reporter-output>
          </reporter-output>
        </test-method> <!-- test -->
        <test-method is-config="true" signature="endTest()[pri:0, instance:dataDriven.Costco@5a45133e]" started-at="2022-08-25T20:37:11 EDT" name="endTest" finished-at="2022-08-25T20:37:14 EDT" duration-ms="3174" status="PASS">
          <reporter-output>
          </reporter-output>
        </test-method> <!-- endTest -->
        <test-method is-config="true" signature="startTest()[pri:0, instance:dataDriven.Costco@5a45133e]" started-at="2022-08-25T20:37:14 EDT" name="startTest" finished-at="2022-08-25T20:37:35 EDT" duration-ms="20860" status="PASS">
          <reporter-output>
          </reporter-output>
        </test-method> <!-- startTest -->
        <test-method signature="test([Ljava.lang.String;)[pri:0, instance:dataDriven.Costco@5a45133e]" started-at="2022-08-25T20:37:35 EDT" name="test" data-provider="testData" finished-at="2022-08-25T20:37:49 EDT" duration-ms="14447" status="PASS">
          <params>
            <param index="0">
              <value>
                <![CDATA[[Ljava.lang.String;@4538856f]]>
              </value>
            </param>
          </params>
          <reporter-output>
          </reporter-output>
        </test-method> <!-- test -->
        <test-method is-config="true" signature="endTest()[pri:0, instance:dataDriven.Costco@5a45133e]" started-at="2022-08-25T20:37:49 EDT" name="endTest" finished-at="2022-08-25T20:37:52 EDT" duration-ms="3180" status="PASS">
          <reporter-output>
          </reporter-output>
        </test-method> <!-- endTest -->
        <test-method is-config="true" signature="startTest()[pri:0, instance:dataDriven.Costco@5a45133e]" started-at="2022-08-25T20:37:52 EDT" name="startTest" finished-at="2022-08-25T20:38:09 EDT" duration-ms="17195" status="PASS">
          <reporter-output>
          </reporter-output>
        </test-method> <!-- startTest -->
        <test-method signature="test([Ljava.lang.String;)[pri:0, instance:dataDriven.Costco@5a45133e]" started-at="2022-08-25T20:38:09 EDT" name="test" data-provider="testData" finished-at="2022-08-25T20:38:28 EDT" duration-ms="18021" status="FAIL">
          <params>
            <param index="0">
              <value>
                <![CDATA[[Ljava.lang.String;@7f79edee]]>
              </value>
            </param>
          </params>
          <exception class="java.lang.AssertionError">
            <message>
              <![CDATA[The product is not match, the product is: LG 86" Class - QNED80 Series - 4K UHD QNED TV - Allstate 3-Year Protection Plan Bundle Included for 5 years of total coverage* expected [199.99] but found [2,199.99]]]>
            </message>
            <full-stacktrace>
              <![CDATA[java.lang.AssertionError: The product is not match, the product is: LG 86" Class - QNED80 Series - 4K UHD QNED TV - Allstate 3-Year Protection Plan Bundle Included for 5 years of total coverage* expected [199.99] but found [2,199.99]
at org.testng.Assert.fail(Assert.java:110)
at org.testng.Assert.failNotEquals(Assert.java:1413)
at org.testng.Assert.assertEqualsImpl(Assert.java:149)
at org.testng.Assert.assertEquals(Assert.java:131)
at org.testng.Assert.assertEquals(Assert.java:655)
at dataDriven.Costco.test(Costco.java:68)
at java.base/jdk.internal.reflect.NativeMethodAccessorImpl.invoke0(Native Method)
at java.base/jdk.internal.reflect.NativeMethodAccessorImpl.invoke(NativeMethodAccessorImpl.java:62)
at java.base/jdk.internal.reflect.DelegatingMethodAccessorImpl.invoke(DelegatingMethodAccessorImpl.java:43)
at java.base/java.lang.reflect.Method.invoke(Method.java:566)
at org.testng.internal.invokers.MethodInvocationHelper.invokeMethod(MethodInvocationHelper.java:139)
at org.testng.internal.invokers.TestInvoker.invokeMethod(TestInvoker.java:677)
at org.testng.internal.invokers.TestInvoker.invokeTestMethod(TestInvoker.java:221)
at org.testng.internal.invokers.MethodRunner.runInSequence(MethodRunner.java:50)
at org.testng.internal.invokers.TestInvoker$MethodInvocationAgent.invoke(TestInvoker.java:962)
at org.testng.internal.invokers.TestInvoker.invokeTestMethods(TestInvoker.java:194)
at org.testng.internal.invokers.TestMethodWorker.invokeTestMethods(TestMethodWorker.java:148)
at org.testng.internal.invokers.TestMethodWorker.run(TestMethodWorker.java:128)
at java.base/java.util.ArrayList.forEach(ArrayList.java:1541)
at org.testng.TestRunner.privateRun(TestRunner.java:806)
at org.testng.TestRunner.run(TestRunner.java:601)
at org.testng.SuiteRunner.runTest(SuiteRunner.java:433)
at org.testng.SuiteRunner.runSequentially(SuiteRunner.java:427)
at org.testng.SuiteRunner.privateRun(SuiteRunner.java:387)
at org.testng.SuiteRunner.run(SuiteRunner.java:330)
at org.testng.SuiteRunnerWorker.runSuite(SuiteRunnerWorker.java:52)
at org.testng.SuiteRunnerWorker.run(SuiteRunnerWorker.java:95)
at org.testng.TestNG.runSuitesSequentially(TestNG.java:1256)
at org.testng.TestNG.runSuitesLocally(TestNG.java:1176)
at org.testng.TestNG.runSuites(TestNG.java:1099)
at org.testng.TestNG.run(TestNG.java:1067)
at org.testng.remote.AbstractRemoteTestNG.run(AbstractRemoteTestNG.java:115)
at org.testng.remote.RemoteTestNG.initAndRun(RemoteTestNG.java:251)
at org.testng.remote.RemoteTestNG.main(RemoteTestNG.java:77)
]]>
            </full-stacktrace>
          </exception> <!-- java.lang.AssertionError -->
          <reporter-output>
          </reporter-output>
        </test-method> <!-- test -->
        <test-method is-config="true" signature="endTest()[pri:0, instance:dataDriven.Costco@5a45133e]" started-at="2022-08-25T20:38:28 EDT" name="endTest" finished-at="2022-08-25T20:38:31 EDT" duration-ms="3173" status="PASS">
          <reporter-output>
          </reporter-output>
        </test-method> <!-- endTest -->
        <test-method is-config="true" signature="startTest()[pri:0, instance:dataDriven.Costco@5a45133e]" started-at="2022-08-25T20:38:31 EDT" name="startTest" finished-at="2022-08-25T20:38:49 EDT" duration-ms="17958" status="PASS">
          <reporter-output>
          </reporter-output>
        </test-method> <!-- startTest -->
        <test-method signature="test([Ljava.lang.String;)[pri:0, instance:dataDriven.Costco@5a45133e]" started-at="2022-08-25T20:38:49 EDT" name="test" data-provider="testData" finished-at="2022-08-25T20:39:05 EDT" duration-ms="16319" status="PASS">
          <params>
            <param index="0">
              <value>
                <![CDATA[[Ljava.lang.String;@60cb1ed6]]>
              </value>
            </param>
          </params>
          <reporter-output>
          </reporter-output>
        </test-method> <!-- test -->
        <test-method is-config="true" signature="endTest()[pri:0, instance:dataDriven.Costco@5a45133e]" started-at="2022-08-25T20:39:05 EDT" name="endTest" finished-at="2022-08-25T20:39:08 EDT" duration-ms="3175" status="PASS">
          <reporter-output>
          </reporter-output>
        </test-method> <!-- endTest -->
        <test-method is-config="true" signature="startTest()[pri:0, instance:dataDriven.Costco@5a45133e]" started-at="2022-08-25T20:39:08 EDT" name="startTest" finished-at="2022-08-25T20:39:26 EDT" duration-ms="17989" status="PASS">
          <reporter-output>
          </reporter-output>
        </test-method> <!-- startTest -->
        <test-method signature="test([Ljava.lang.String;)[pri:0, instance:dataDriven.Costco@5a45133e]" started-at="2022-08-25T20:39:26 EDT" name="test" data-provider="testData" finished-at="2022-08-25T20:39:38 EDT" duration-ms="11992" status="PASS">
          <params>
            <param index="0">
              <value>
                <![CDATA[[Ljava.lang.String;@4c3de38e]]>
              </value>
            </param>
          </params>
          <reporter-output>
          </reporter-output>
        </test-method> <!-- test -->
        <test-method is-config="true" signature="endTest()[pri:0, instance:dataDriven.Costco@5a45133e]" started-at="2022-08-25T20:39:38 EDT" name="endTest" finished-at="2022-08-25T20:39:41 EDT" duration-ms="3182" status="PASS">
          <reporter-output>
          </reporter-output>
        </test-method> <!-- endTest -->
        <test-method is-config="true" signature="startTest()[pri:0, instance:dataDriven.Costco@5a45133e]" started-at="2022-08-25T20:39:41 EDT" name="startTest" finished-at="2022-08-25T20:39:59 EDT" duration-ms="17983" status="PASS">
          <reporter-output>
          </reporter-output>
        </test-method> <!-- startTest -->
        <test-method signature="test([Ljava.lang.String;)[pri:0, instance:dataDriven.Costco@5a45133e]" started-at="2022-08-25T20:39:59 EDT" name="test" data-provider="testData" finished-at="2022-08-25T20:40:13 EDT" duration-ms="13363" status="PASS">
          <params>
            <param index="0">
              <value>
                <![CDATA[[Ljava.lang.String;@67332b1e]]>
              </value>
            </param>
          </params>
          <reporter-output>
          </reporter-output>
        </test-method> <!-- test -->
        <test-method is-config="true" signature="endTest()[pri:0, instance:dataDriven.Costco@5a45133e]" started-at="2022-08-25T20:40:13 EDT" name="endTest" finished-at="2022-08-25T20:40:16 EDT" duration-ms="3229" status="PASS">
          <reporter-output>
          </reporter-output>
        </test-method> <!-- endTest -->
      </class> <!-- dataDriven.Costco -->
    </test> <!-- Default test -->
  </suite> <!-- Default suite -->
</testng-results>
